2019-01-30 18:58:24,954 [      0]   INFO -        #com.intellij.idea.Main - ------------------------------------------------------ IDE STARTED ------------------------------------------------------ 
2019-01-30 18:58:25,008 [     54]   INFO -        #com.intellij.idea.Main - IDE: IntelliJ IDEA (build #IC-183.5429.30, 29 Jan 2019 14:24) 
2019-01-30 18:58:25,008 [     54]   INFO -        #com.intellij.idea.Main - OS: Mac OS X (10.12.3, x86_64) 
2019-01-30 18:58:25,008 [     54]   INFO -        #com.intellij.idea.Main - JRE: 1.8.0_152-release-1343-b26 (JetBrains s.r.o) 
2019-01-30 18:58:25,008 [     54]   INFO -        #com.intellij.idea.Main - JVM: 25.152-b26 (OpenJDK 64-Bit Server VM) 
2019-01-30 18:58:25,017 [     63]   INFO -        #com.intellij.idea.Main - JVM Args: -Dapple.awt.fileDialogForDirectories=true -Dapple.laf.useScreenMenuBar=true -Didea.classpath.index.enabled=false -Didea.config.path=/Users/jeffy/Dev/mybatis-auto-code/build/myCustom-sandbox/config -Didea.is.internal=true -Didea.platform.prefix=Idea -Didea.plugins.path=/Users/jeffy/Dev/mybatis-auto-code/build/myCustom-sandbox/plugins -Didea.required.plugins.id=com.coder.enhance.mybatis-auto-code -Didea.smooth.progress=false -Didea.system.path=/Users/jeffy/Dev/mybatis-auto-code/build/myCustom-sandbox/system -XX:MaxPermSize=250m -Xms256m -Xmx512m -Dfile.encoding=UTF-8 -Duser.country=CN -Duser.language=zh -Duser.variant -ea 
2019-01-30 18:58:25,018 [     64]   INFO -        #com.intellij.idea.Main - ext: /Users/jeffy/.gradle/caches/modules-2/files-2.1/com.jetbrains/jbre/jbrex8u152b1343.26_osx_x64/jdk/Contents/Home/jre/lib/ext: [cldrdata.jar, dnsns.jar, jaccess.jar, jfxrt.jar, localedata.jar, meta-index, nashorn.jar, sunec.jar, sunjce_provider.jar, sunpkcs11.jar, zipfs.jar] 
2019-01-30 18:58:25,018 [     64]   INFO -        #com.intellij.idea.Main - ext: /System/Library/Java/Extensions: [MRJToolkit.jar] 
2019-01-30 18:58:25,018 [     64]   INFO -        #com.intellij.idea.Main - charsets: JNU=UTF-8 file=UTF-8 
2019-01-30 18:58:25,041 [     87]   INFO -        #com.intellij.idea.Main - JNA library (64-bit) loaded in 23 ms 
2019-01-30 18:58:25,085 [    131]   INFO -        #com.intellij.idea.Main - initializing environment 
2019-01-30 18:58:25,087 [    133]   INFO - .intellij.util.EnvironmentUtil - loading shell env: /bin/bash -l -i -c '/Users/jeffy/.gradle/caches/modules-2/files-2.1/com.jetbrains.intellij.idea/ideaIC/2018.3.4/552bc3047e83510a6a589cee03a6f1a5de11316f/ideaIC-2018.3.4/bin/printenv.py' '/private/var/folders/49/2tvdc82n2kb2dgm42rphwvmc0000gn/T/intellij-shell-env.tmp' 
2019-01-30 18:58:25,289 [    335]   INFO -     #com.intellij.util.ui.JBUI - User scale factor: 1.0 
2019-01-30 18:58:25,331 [    377]   INFO - .intellij.util.EnvironmentUtil - shell environment loaded (25 vars) 
2019-01-30 18:58:25,729 [    775]   INFO -     #com.intellij.util.ui.JBUI - System scale factor: 2.0 (JRE-managed HiDPI) 
2019-01-30 18:58:27,503 [   2549]   INFO - .intellij.idea.IdeaApplication - CPU cores: 8; ForkJoinPool.commonPool: java.util.concurrent.ForkJoinPool@4532578b[Running, parallelism = 7, size = 0, active = 0, running = 0, steals = 0, tasks = 0, submissions = 0]; factory: com.intellij.concurrency.IdeaForkJoinWorkerThreadFactory@2bbe1d8 
2019-01-30 18:58:28,162 [   3208]   INFO - llij.ide.plugins.PluginManager - Cannot find optional descriptor duplicates-groovy.xml 
2019-01-30 18:58:28,594 [   3640]   INFO - llij.ide.plugins.PluginManager - 36 plugins initialized in 725 ms 
2019-01-30 18:58:28,596 [   3642]   INFO - llij.ide.plugins.PluginManager - Loaded bundled plugins: Android Support (10.3.1.2), Ant Support (1.0), Bytecode Viewer (0.1), CVS Integration (11), Copyright (8.1), Coverage (183.5429.30), Eclipse Integration (3.0), EditorConfig (183.5429.30), Git Integration (8.1), GitHub (183.5429.30), Gradle (183.5429.30), Groovy (9.0), I18n for Java (183.5429.30), IDEA CORE (183.5429.30), IntelliJ Configuration Script (183.5429.30), IntelliLang (8.0), JUnit (1.0), Java Bytecode Decompiler (183.5429.30), Java Stream Debugger (183.5429.30), JavaFX (1.0), Kotlin (1.3.11-release-IJ2018.3-1), Maven Integration (183.5429.30), Mercurial Integration (10.0), Plugin DevKit (1.0), Properties Support (183.5429.30), Settings Repository (183.5429.30), Smali Support (1.0), Subversion Integration (1.1), Task Management (1.0), Terminal (0.1), TestNG-J (8.0), UI Designer (183.5429.30), XPathView + XSLT Support (4), XSLT-Debugger (1.4), YAML (183.5429.30) 
2019-01-30 18:58:28,596 [   3642]   INFO - llij.ide.plugins.PluginManager - Loaded custom plugins: mybatis-auto-coder (1.0-SNAPSHOT) 
2019-01-30 18:58:29,596 [   4642]   INFO - ellij.vfs.persistent.FSRecords - Marking VFS as corrupted: '/Users/jeffy/Dev/mybatis-auto-code/build/myCustom-sandbox/system/caches/names.dat' does not exist 
2019-01-30 18:58:29,598 [   4644]   INFO - ellij.util.io.PagedFileStorage - lower=100; upper=435; buffer=10; max=435 
2019-01-30 18:58:29,640 [   4686]   INFO - pl.local.NativeFileWatcherImpl - Starting file watcher: /Users/jeffy/.gradle/caches/modules-2/files-2.1/com.jetbrains.intellij.idea/ideaIC/2018.3.4/552bc3047e83510a6a589cee03a6f1a5de11316f/ideaIC-2018.3.4/bin/mac/fsnotifier 
2019-01-30 18:58:29,652 [   4698]   INFO - pl.local.NativeFileWatcherImpl - Native file watcher is operational. 
2019-01-30 18:58:30,168 [   5214]   INFO - .history.utils.LocalHistoryLog - local history version mismatch (was: 0, expected: 6), rebuilding... 
2019-01-30 18:58:30,169 [   5215]   INFO - .history.utils.LocalHistoryLog - FS has been rebuild, rebuilding local history... 
2019-01-30 18:58:30,706 [   5752]   INFO - til.net.ssl.CertificateManager - Default SSL context initialized 
2019-01-30 18:58:30,728 [   5774]   INFO - rains.ide.BuiltInServerManager - built-in server started, port 63343 
2019-01-30 18:58:30,729 [   5775]   INFO - j.ide.ui.OptionsTopHitProvider - 172 ms spent to cache options in application 
2019-01-30 18:58:30,729 [   5775]   INFO - .openapi.application.Preloader - com.intellij.ide.ui.OptionsTopHitProvider$Activity took 171 ms 
2019-01-30 18:58:30,818 [   5864]   INFO - m.intellij.ui.mac.touchbar.NST - touchbar-server isn't running, skip nst loading 
2019-01-30 18:58:30,870 [   5916]   INFO - gs.impl.UpdateCheckerComponent - channel: release 
2019-01-30 18:58:31,198 [   6244]   INFO - il.indexing.FileBasedIndexImpl - Index exts enumerated:270, number of extensions:49 
2019-01-30 18:58:31,209 [   6255]   INFO - il.indexing.FileBasedIndexImpl - Index scheduled:10 
2019-01-30 18:58:31,246 [   6292]   INFO - tellij.psi.stubs.StubIndexImpl - All stub exts enumerated:35, number of extensions:50 
2019-01-30 18:58:31,247 [   6293]   INFO - tellij.psi.stubs.StubIndexImpl - stub exts update scheduled:0 
2019-01-30 18:58:31,907 [   6953]   INFO - ij.psi.stubs.StubUpdatingIndex - Following new file types will be indexed:KJSM,Groovy,XML,DGM File Type,JAVA,HTML,Properties,kotlin_builtins,KNM,CLASS,Kotlin 
2019-01-30 18:58:32,201 [   7247]   INFO - plication.impl.ApplicationImpl - 85 application components initialized in 4337ms 
2019-01-30 18:58:32,226 [   7272]   INFO - .intellij.idea.IdeaApplication - App initialization took 8342 ms 
2019-01-30 18:58:32,227 [   7273]   INFO - llij.ide.plugins.PluginManager - org.jetbrains.kotlin loaded 1074 classes 
2019-01-30 18:58:32,227 [   7273]   INFO - llij.ide.plugins.PluginManager - org.intellij.groovy loaded 371 classes 
2019-01-30 18:58:32,227 [   7273]   INFO - llij.ide.plugins.PluginManager - org.jetbrains.android loaded 275 classes 
2019-01-30 18:58:32,227 [   7273]   INFO - llij.ide.plugins.PluginManager - org.jetbrains.idea.maven loaded 58 classes 
2019-01-30 18:58:32,227 [   7273]   INFO - llij.ide.plugins.PluginManager - CVS loaded 40 classes 
2019-01-30 18:58:32,227 [   7273]   INFO - llij.ide.plugins.PluginManager - com.intellij.properties loaded 33 classes 
2019-01-30 18:58:32,228 [   7274]   INFO - llij.ide.plugins.PluginManager - org.jetbrains.settingsRepository loaded 31 classes 
2019-01-30 18:58:32,228 [   7274]   INFO - llij.ide.plugins.PluginManager - hg4idea loaded 21 classes 
2019-01-30 18:58:32,228 [   7274]   INFO - llij.ide.plugins.PluginManager - Git4Idea loaded 21 classes 
2019-01-30 18:58:32,228 [   7274]   INFO - llij.ide.plugins.PluginManager - XPathView loaded 20 classes 
2019-01-30 18:58:32,228 [   7274]   INFO - llij.ide.plugins.PluginManager - com.intellij.uiDesigner loaded 19 classes 
2019-01-30 18:58:32,228 [   7274]   INFO - llij.ide.plugins.PluginManager - org.editorconfig.editorconfigjetbrains loaded 17 classes 
2019-01-30 18:58:32,228 [   7274]   INFO - llij.ide.plugins.PluginManager - com.intellij.tasks loaded 17 classes 
2019-01-30 18:58:32,228 [   7274]   INFO - llij.ide.plugins.PluginManager - org.jetbrains.plugins.yaml loaded 15 classes 
2019-01-30 18:58:32,228 [   7274]   INFO - llij.ide.plugins.PluginManager - Subversion loaded 15 classes 
2019-01-30 18:58:32,228 [   7274]   INFO - llij.ide.plugins.PluginManager - org.jetbrains.plugins.javaFX loaded 14 classes 
2019-01-30 18:58:32,228 [   7274]   INFO - llij.ide.plugins.PluginManager - AntSupport loaded 14 classes 
2019-01-30 18:58:32,228 [   7274]   INFO - llij.ide.plugins.PluginManager - org.jetbrains.plugins.github loaded 9 classes 
2019-01-30 18:58:32,228 [   7274]   INFO - llij.ide.plugins.PluginManager - org.jetbrains.plugins.gradle loaded 8 classes 
2019-01-30 18:58:32,228 [   7274]   INFO - llij.ide.plugins.PluginManager - DevKit loaded 8 classes 
2019-01-30 18:58:32,228 [   7274]   INFO - llij.ide.plugins.PluginManager - org.jetbrains.java.decompiler loaded 5 classes 
2019-01-30 18:58:32,228 [   7274]   INFO - llij.ide.plugins.PluginManager - com.android.tools.idea.smali loaded 5 classes 
2019-01-30 18:58:32,228 [   7274]   INFO - llij.ide.plugins.PluginManager - org.intellij.intelliLang loaded 4 classes 
2019-01-30 18:58:32,228 [   7274]   INFO - llij.ide.plugins.PluginManager - org.jetbrains.plugins.terminal loaded 3 classes 
2019-01-30 18:58:32,228 [   7274]   INFO - llij.ide.plugins.PluginManager - org.jetbrains.idea.eclipse loaded 2 classes 
2019-01-30 18:58:32,228 [   7274]   INFO - llij.ide.plugins.PluginManager - com.intellij.java-i18n loaded 1 classes 
2019-01-30 18:58:32,228 [   7274]   INFO - llij.ide.plugins.PluginManager - com.intellij.copyright loaded 1 classes 
2019-01-30 18:58:32,228 [   7274]   INFO - llij.ide.plugins.PluginManager - Coverage loaded 1 classes 
2019-01-30 18:58:32,418 [   7464]   INFO - pl$FileIndexDataInitialization - Initialization done:1208 
2019-01-30 18:58:32,534 [   7580]   INFO - exImpl$StubIndexInitialization - Initialization done:116 
2019-01-30 18:58:32,978 [   8024]   INFO - pi.util.registry.RegistryValue - Registry value 'java.completion.argument.hints' has changed to 'false" 
2019-01-30 18:58:32,978 [   8024]   INFO - pi.util.registry.RegistryValue - Registry value 'java.completion.argument.hints.internal' has changed to 'false" 
2019-01-30 18:58:33,006 [   8052]   INFO - com.intellij.ide.ui.UISettings - Loaded: fontSize=12, fontScale=1.0; restored: fontSize=12, fontScale=1.0 
2019-01-30 18:58:33,313 [   8359]   INFO - j.ide.ui.OptionsTopHitProvider - 634 ms spent on EDT to cache options in application 
2019-01-30 18:58:33,831 [   8877]   INFO - .openapi.application.Preloader - com.intellij.openapi.actionSystem.impl.ActionPreloader took 3100 ms 
2019-01-30 18:58:34,644 [   9690]   INFO - .openapi.application.Preloader - com.intellij.ide.ui.search.SearchableOptionPreloader took 812 ms 
2019-01-30 18:58:34,889 [   9935]   INFO - .openapi.application.Preloader - com.intellij.codeInsight.completion.CompletionPreloader took 245 ms 
2019-01-30 18:58:34,902 [   9948]   INFO - .openapi.application.Preloader - com.intellij.ide.actions.GotoClassPresentationUpdater took 12 ms 
2019-01-30 18:58:46,770 [  21816]   INFO - ellij.project.impl.ProjectImpl - 20 project components initialized in 233 ms 
2019-01-30 18:59:19,686 [  54732]   INFO - ellij.project.impl.ProjectImpl - 160 project components initialized in 711 ms 
2019-01-30 18:59:19,686 [  54732]   INFO - le.impl.ModuleManagerComponent - 0 module(s) loaded in 0 ms 
2019-01-30 18:59:19,894 [  54940]   INFO - penapi.project.DumbServiceImpl - cancel com.intellij.openapi.roots.impl.PushedFilePropertiesUpdaterImpl$3@78a32a9 
2019-01-30 18:59:19,899 [  54945]   INFO - penapi.project.DumbServiceImpl - cancel com.intellij.openapi.roots.impl.PushedFilePropertiesUpdaterImpl$3@78a32a9 
2019-01-30 18:59:19,949 [  54995]   INFO - j.ide.script.IdeStartupScripts - 0 startup script(s) found 
2019-01-30 18:59:20,055 [  55101]   WARN - j.ui.mac.MacMainFrameDecorator - no url bundle present. 
To use platform protocol handler to open external links specify required protocols in the mac app layout section of the build file
Example: args.urlSchemes = ["your-protocol"] will handle following links: your-protocol://open?file=file&line=line 
2019-01-30 18:59:20,117 [  55163]   INFO - rojectCodeStyleSettingsManager - Initialized from default code style settings. 
2019-01-30 18:59:20,990 [  56036]   INFO - ntellij.internal.IconsLoadTime - IMG load time: ide_startup=36.35ms, average=0.89ms, median=1.02ms; number of icons: 41 
2019-01-30 18:59:20,990 [  56036]   INFO - ntellij.internal.IconsLoadTime - SVG load time: ide_startup=307.73ms, average=5.13ms, median=7.38ms; number of icons: 60 
2019-01-30 18:59:21,008 [  56054]   INFO - ge.ExternalProjectsDataStorage - Loaded external projects data in 2 millis 
2019-01-30 18:59:21,046 [  56092]   INFO - .diagnostic.PerformanceWatcher - Post-startup activities under progress took 116ms; general responsiveness: ok; EDT responsiveness: ok 
2019-01-30 18:59:21,244 [  56290]   INFO - penapi.project.DumbServiceImpl - cancel com.intellij.openapi.roots.impl.PushedFilePropertiesUpdaterImpl$3@78a32a9 
2019-01-30 18:59:21,246 [  56292]   INFO - penapi.project.DumbServiceImpl - cancel com.intellij.util.indexing.UnindexedFilesUpdater@3afc4eb9 
2019-01-30 18:59:21,258 [  56304]   INFO - penapi.project.DumbServiceImpl - cancel com.intellij.openapi.roots.impl.PushedFilePropertiesUpdaterImpl$3@78a32a9 
2019-01-30 18:59:21,258 [  56304]   INFO - penapi.project.DumbServiceImpl - cancel com.intellij.util.indexing.UnindexedFilesUpdater@3afc4eb9 
2019-01-30 18:59:21,258 [  56304]   INFO - penapi.project.DumbServiceImpl - cancel com.intellij.util.indexing.UnindexedFilesUpdater@e2a0450 
2019-01-30 18:59:21,486 [  56532]   INFO - penapi.project.DumbServiceImpl - Running dumb mode task: initial refresh 
2019-01-30 18:59:21,506 [  56552]   INFO - tartup.impl.StartupManagerImpl - /Users/jeffy/IdeaProjects/mybatis-test/.idea case-sensitivity: expected=false actual=false 
2019-01-30 18:59:21,513 [  56559]   INFO - pl.projectlevelman.NewMappings - VCS Root: [] - [<Project>] 
2019-01-30 18:59:21,865 [  56911]   INFO - CompilerWorkspaceConfiguration - Available processors: 8 
2019-01-30 18:59:22,058 [  57104]   INFO - penapi.project.DumbServiceImpl - Running dumb mode task: com.intellij.util.indexing.UnindexedFilesUpdater@71eae779 
2019-01-30 18:59:22,116 [  57162]   INFO - .diagnostic.PerformanceWatcher - Pushing properties took 9ms; general responsiveness: ok; EDT responsiveness: ok 
2019-01-30 18:59:23,398 [  58444]   INFO - tor.impl.FileEditorManagerImpl - Project opening took 4791 ms 
2019-01-30 18:59:23,398 [  58444]   INFO - llij.ide.plugins.PluginManager - org.jetbrains.kotlin loaded 1662 classes 
2019-01-30 18:59:23,398 [  58444]   INFO - llij.ide.plugins.PluginManager - org.jetbrains.android loaded 1331 classes 
2019-01-30 18:59:23,398 [  58444]   INFO - llij.ide.plugins.PluginManager - org.intellij.groovy loaded 540 classes 
2019-01-30 18:59:23,398 [  58444]   INFO - llij.ide.plugins.PluginManager - org.jetbrains.idea.maven loaded 368 classes 
2019-01-30 18:59:23,398 [  58444]   INFO - llij.ide.plugins.PluginManager - com.intellij.uiDesigner loaded 210 classes 
2019-01-30 18:59:23,398 [  58444]   INFO - llij.ide.plugins.PluginManager - org.jetbrains.debugger.streams loaded 129 classes 
2019-01-30 18:59:23,398 [  58444]   INFO - llij.ide.plugins.PluginManager - Git4Idea loaded 127 classes 
2019-01-30 18:59:23,398 [  58444]   INFO - llij.ide.plugins.PluginManager - com.intellij.tasks loaded 99 classes 
2019-01-30 18:59:23,398 [  58444]   INFO - llij.ide.plugins.PluginManager - XPathView loaded 95 classes 
2019-01-30 18:59:23,398 [  58444]   INFO - llij.ide.plugins.PluginManager - org.jetbrains.plugins.gradle loaded 88 classes 
2019-01-30 18:59:23,398 [  58444]   INFO - llij.ide.plugins.PluginManager - CVS loaded 82 classes 
2019-01-30 18:59:23,398 [  58444]   INFO - llij.ide.plugins.PluginManager - Subversion loaded 67 classes 
2019-01-30 18:59:23,398 [  58444]   INFO - llij.ide.plugins.PluginManager - org.editorconfig.editorconfigjetbrains loaded 65 classes 
2019-01-30 18:59:23,398 [  58444]   INFO - llij.ide.plugins.PluginManager - com.intellij.properties loaded 63 classes 
2019-01-30 18:59:23,398 [  58444]   INFO - llij.ide.plugins.PluginManager - org.intellij.intelliLang loaded 57 classes 
2019-01-30 18:59:23,398 [  58444]   INFO - llij.ide.plugins.PluginManager - hg4idea loaded 49 classes 
2019-01-30 18:59:23,398 [  58444]   INFO - llij.ide.plugins.PluginManager - DevKit loaded 46 classes 
2019-01-30 18:59:23,398 [  58444]   INFO - llij.ide.plugins.PluginManager - org.jetbrains.settingsRepository loaded 38 classes 
2019-01-30 18:59:23,398 [  58444]   INFO - llij.ide.plugins.PluginManager - org.jetbrains.plugins.github loaded 33 classes 
2019-01-30 18:59:23,398 [  58444]   INFO - llij.ide.plugins.PluginManager - org.jetbrains.plugins.yaml loaded 31 classes 
2019-01-30 18:59:23,398 [  58444]   INFO - llij.ide.plugins.PluginManager - AntSupport loaded 27 classes 
2019-01-30 18:59:23,398 [  58444]   INFO - llij.ide.plugins.PluginManager - org.jetbrains.plugins.javaFX loaded 24 classes 
2019-01-30 18:59:23,398 [  58444]   INFO - llij.ide.plugins.PluginManager - Coverage loaded 22 classes 
2019-01-30 18:59:23,398 [  58444]   INFO - llij.ide.plugins.PluginManager - org.jetbrains.plugins.terminal loaded 19 classes 
2019-01-30 18:59:23,398 [  58444]   INFO - llij.ide.plugins.PluginManager - com.intellij.copyright loaded 8 classes 
2019-01-30 18:59:23,399 [  58445]   INFO - llij.ide.plugins.PluginManager - org.jetbrains.java.decompiler loaded 7 classes 
2019-01-30 18:59:23,399 [  58445]   INFO - llij.ide.plugins.PluginManager - com.android.tools.idea.smali loaded 5 classes 
2019-01-30 18:59:23,399 [  58445]   INFO - llij.ide.plugins.PluginManager - com.intellij.java-i18n loaded 4 classes 
2019-01-30 18:59:23,399 [  58445]   INFO - llij.ide.plugins.PluginManager - JUnit loaded 3 classes 
2019-01-30 18:59:23,399 [  58445]   INFO - llij.ide.plugins.PluginManager - org.jetbrains.idea.eclipse loaded 3 classes 
2019-01-30 18:59:23,399 [  58445]   INFO - llij.ide.plugins.PluginManager - TestNG-J loaded 3 classes 
2019-01-30 18:59:23,399 [  58445]   INFO - llij.ide.plugins.PluginManager - ByteCodeViewer loaded 3 classes 
2019-01-30 18:59:23,399 [  58445]   INFO - llij.ide.plugins.PluginManager - XSLT-Debugger loaded 2 classes 
2019-01-30 18:59:23,399 [  58445]   INFO - llij.ide.plugins.PluginManager - com.coder.enhance.mybatis-auto-code loaded 1 classes 
2019-01-30 18:59:23,399 [  58445]   INFO - llij.ide.plugins.PluginManager - com.intellij.configurationScript loaded 1 classes 
2019-01-30 18:59:23,629 [  58675]   WARN - com.intellij.util.xmlb.Binding - no accessors for class org.jetbrains.kotlin.idea.highlighter.KotlinDefaultHighlightingSettingsProvider 
2019-01-30 18:59:27,062 [  62108]   INFO - .diagnostic.PerformanceWatcher - Indexable file iteration took 4944ms; general responsiveness: ok; EDT responsiveness: 0/5 sluggish, 1/5 very slow 
2019-01-30 18:59:27,078 [  62124]   INFO - indexing.UnindexedFilesUpdater - Unindexed files update started: 50780 files to update 
2019-01-30 18:59:32,019 [  67065]   INFO - .script.IdeScriptEngineManager - javax.script.ScriptEngineManager initialized in 22 ms 
2019-01-30 18:59:42,188 [  77234]   INFO - .openapi.util.LowMemoryWatcher - Low memory signal received: afterGc=false 
2019-01-30 18:59:44,880 [  79926]   INFO - penapi.project.DumbServiceImpl - cancel com.intellij.util.indexing.UnindexedFilesUpdater@71eae779 
2019-01-30 18:59:44,892 [  79938]   INFO - indexing.UnindexedFilesUpdater - Unindexed files update canceled 
2019-01-30 18:59:45,148 [  80194]   WARN -      #org.jetbrains.idea.maven - Failed to update Maven indices for: [local] /Users/jeffy/.m2/repository 
org.jetbrains.idea.maven.server.MavenServerIndexerException: Error scanning context Index0-update: null
	at org.jetbrains.idea.maven.server.Maven3ServerIndexerImpl.updateIndex(Maven3ServerIndexerImpl.java:218)
	at sun.reflect.NativeMethodAccessorImpl.invoke0(Native Method)
	at sun.reflect.NativeMethodAccessorImpl.invoke(NativeMethodAccessorImpl.java:62)
	at sun.reflect.DelegatingMethodAccessorImpl.invoke(DelegatingMethodAccessorImpl.java:43)
	at java.lang.reflect.Method.invoke(Method.java:498)
	at sun.rmi.server.UnicastServerRef.dispatch(UnicastServerRef.java:346)
	at sun.rmi.transport.Transport$1.run(Transport.java:200)
	at sun.rmi.transport.Transport$1.run(Transport.java:197)
	at java.security.AccessController.doPrivileged(Native Method)
	at sun.rmi.transport.Transport.serviceCall(Transport.java:196)
	at sun.rmi.transport.tcp.TCPTransport.handleMessages(TCPTransport.java:568)
	at sun.rmi.transport.tcp.TCPTransport$ConnectionHandler.run0(TCPTransport.java:826)
	at sun.rmi.transport.tcp.TCPTransport$ConnectionHandler.lambda$run$0(TCPTransport.java:683)
	at java.security.AccessController.doPrivileged(Native Method)
	at sun.rmi.transport.tcp.TCPTransport$ConnectionHandler.run(TCPTransport.java:682)
	at java.util.concurrent.ThreadPoolExecutor.runWorker(ThreadPoolExecutor.java:1142)
	at java.util.concurrent.ThreadPoolExecutor$Worker.run(ThreadPoolExecutor.java:617)
	at java.lang.Thread.run(Thread.java:745)
	at sun.rmi.transport.StreamRemoteCall.exceptionReceivedFromServer(StreamRemoteCall.java:276)
	at sun.rmi.transport.StreamRemoteCall.executeCall(StreamRemoteCall.java:253)
	at sun.rmi.server.UnicastRef.invoke(UnicastRef.java:162)
	at java.rmi.server.RemoteObjectInvocationHandler.invokeRemoteMethod(RemoteObjectInvocationHandler.java:227)
	at java.rmi.server.RemoteObjectInvocationHandler.invoke(RemoteObjectInvocationHandler.java:179)
	at com.sun.proxy.$Proxy92.updateIndex(Unknown Source)
	at sun.reflect.NativeMethodAccessorImpl.invoke0(Native Method)
	at sun.reflect.NativeMethodAccessorImpl.invoke(NativeMethodAccessorImpl.java:62)
	at sun.reflect.DelegatingMethodAccessorImpl.invoke(DelegatingMethodAccessorImpl.java:43)
	at java.lang.reflect.Method.invoke(Method.java:498)
	at com.intellij.execution.rmi.RemoteUtil.invokeRemote(RemoteUtil.java:179)
	at com.intellij.execution.rmi.RemoteUtil.access$300(RemoteUtil.java:39)
	at com.intellij.execution.rmi.RemoteUtil$2$1$1.compute(RemoteUtil.java:160)
	at com.intellij.openapi.util.ClassLoaderUtil.runWithClassLoader(ClassLoaderUtil.java:66)
	at com.intellij.execution.rmi.RemoteUtil.executeWithClassLoader(RemoteUtil.java:231)
	at com.intellij.execution.rmi.RemoteUtil$2$1.invoke(RemoteUtil.java:157)
	at com.sun.proxy.$Proxy92.updateIndex(Unknown Source)
	at org.jetbrains.idea.maven.server.MavenIndexerWrapper.lambda$updateIndex$2(MavenIndexerWrapper.java:107)
	at org.jetbrains.idea.maven.server.RemoteObjectWrapper.performCancelable(RemoteObjectWrapper.java:89)
	at org.jetbrains.idea.maven.server.MavenIndexerWrapper.updateIndex(MavenIndexerWrapper.java:104)
	at org.jetbrains.idea.maven.indices.MavenIndex.updateContext(MavenIndex.java:397)
	at org.jetbrains.idea.maven.indices.MavenIndex.updateOrRepair(MavenIndex.java:352)
	at org.jetbrains.idea.maven.indices.MavenIndices.updateOrRepair(MavenIndices.java:128)
	at org.jetbrains.idea.maven.indices.MavenIndicesManager.doUpdateIndices(MavenIndicesManager.java:262)
	at org.jetbrains.idea.maven.indices.MavenIndicesManager.access$200(MavenIndicesManager.java:37)
	at org.jetbrains.idea.maven.indices.MavenIndicesManager$3.run(MavenIndicesManager.java:229)
	at com.intellij.openapi.progress.impl.CoreProgressManager$TaskRunnable.run(CoreProgressManager.java:727)
	at com.intellij.openapi.progress.impl.CoreProgressManager.lambda$runProcess$2(CoreProgressManager.java:164)
	at com.intellij.openapi.progress.impl.CoreProgressManager.registerIndicatorAndRun(CoreProgressManager.java:582)
	at com.intellij.openapi.progress.impl.CoreProgressManager.executeProcessUnderProgress(CoreProgressManager.java:532)
	at com.intellij.openapi.progress.impl.ProgressManagerImpl.executeProcessUnderProgress(ProgressManagerImpl.java:87)
	at com.intellij.openapi.progress.impl.CoreProgressManager.runProcess(CoreProgressManager.java:151)
	at com.intellij.openapi.progress.impl.CoreProgressManager$4.run(CoreProgressManager.java:403)
	at com.intellij.openapi.application.impl.ApplicationImpl$1.run(ApplicationImpl.java:314)
	at java.util.concurrent.Executors$RunnableAdapter.call(Executors.java:511)
	at java.util.concurrent.FutureTask.run(FutureTask.java:266)
	at java.util.concurrent.ThreadPoolExecutor.runWorker(ThreadPoolExecutor.java:1142)
	at java.util.concurrent.ThreadPoolExecutor$Worker.run(ThreadPoolExecutor.java:617)
	at java.lang.Thread.run(Thread.java:745)
Caused by: java.io.IOException: Error scanning context Index0-update: null
	at org.sonatype.nexus.index.DefaultNexusIndexer.scan(DefaultNexusIndexer.java:277)
	at org.jetbrains.idea.maven.server.Maven3ServerIndexerImpl.updateIndex(Maven3ServerIndexerImpl.java:151)
	at sun.reflect.NativeMethodAccessorImpl.invoke0(Native Method)
	at sun.reflect.NativeMethodAccessorImpl.invoke(NativeMethodAccessorImpl.java:62)
	at sun.reflect.DelegatingMethodAccessorImpl.invoke(DelegatingMethodAccessorImpl.java:43)
	at java.lang.reflect.Method.invoke(Method.java:498)
	at sun.rmi.server.UnicastServerRef.dispatch(UnicastServerRef.java:346)
	at sun.rmi.transport.Transport$1.run(Transport.java:200)
	at sun.rmi.transport.Transport$1.run(Transport.java:197)
	at java.security.AccessController.doPrivileged(Native Method)
	at sun.rmi.transport.Transport.serviceCall(Transport.java:196)
	at sun.rmi.transport.tcp.TCPTransport.handleMessages(TCPTransport.java:568)
	at sun.rmi.transport.tcp.TCPTransport$ConnectionHandler.run0(TCPTransport.java:826)
	at sun.rmi.transport.tcp.TCPTransport$ConnectionHandler.lambda$run$0(TCPTransport.java:683)
	at java.security.AccessController.doPrivileged(Native Method)
	at sun.rmi.transport.tcp.TCPTransport$ConnectionHandler.run(TCPTransport.java:682)
	... 3 more
2019-01-30 18:59:45,153 [  80199]  ERROR - til.concurrency.QueueProcessor - Sorry but parent: Project (Disposed) mybatis-test has already been disposed (see the cause for stacktrace) so the child: null 845174482: running=false; canceled=false; task=null will never be disposed 
com.intellij.util.IncorrectOperationException: Sorry but parent: Project (Disposed) mybatis-test has already been disposed (see the cause for stacktrace) so the child: null 845174482: running=false; canceled=false; task=null will never be disposed
	at com.intellij.openapi.util.objectTree.ObjectTree.register(ObjectTree.java:75)
	at com.intellij.openapi.util.Disposer.register(Disposer.java:97)
	at com.intellij.openapi.util.Disposer.register(Disposer.java:93)
	at com.intellij.openapi.progress.util.ProgressWindow.<init>(ProgressWindow.java:110)
	at com.intellij.openapi.progress.util.ProgressWindow.<init>(ProgressWindow.java:84)
	at com.intellij.openapi.progress.impl.BackgroundableProcessIndicator.<init>(BackgroundableProcessIndicator.java:57)
	at com.intellij.openapi.progress.impl.BackgroundableProcessIndicator.<init>(BackgroundableProcessIndicator.java:42)
	at com.intellij.openapi.progress.BackgroundTaskQueue$BackgroundableTaskData.consume(BackgroundTaskQueue.java:139)
	at com.intellij.openapi.progress.BackgroundTaskQueue$BackgroundableTaskData.consume(BackgroundTaskQueue.java:116)
	at com.intellij.util.concurrency.QueueProcessor.lambda$null$3(QueueProcessor.java:212)
	at com.intellij.util.concurrency.QueueProcessor.runSafely(QueueProcessor.java:232)
	at com.intellij.util.concurrency.QueueProcessor.lambda$startProcessing$4(QueueProcessor.java:212)
	at com.intellij.openapi.application.TransactionGuardImpl$2.run(TransactionGuardImpl.java:315)
	at com.intellij.openapi.application.impl.LaterInvocator$FlushQueue.doRun(LaterInvocator.java:435)
	at com.intellij.openapi.application.impl.LaterInvocator$FlushQueue.runNextEvent(LaterInvocator.java:419)
	at com.intellij.openapi.application.impl.LaterInvocator$FlushQueue.run(LaterInvocator.java:403)
	at java.awt.event.InvocationEvent.dispatch(InvocationEvent.java:311)
	at java.awt.EventQueue.dispatchEventImpl(EventQueue.java:762)
	at java.awt.EventQueue.access$500(EventQueue.java:98)
	at java.awt.EventQueue$3.run(EventQueue.java:715)
	at java.awt.EventQueue$3.run(EventQueue.java:709)
	at java.security.AccessController.doPrivileged(Native Method)
	at java.security.ProtectionDomain$JavaSecurityAccessImpl.doIntersectionPrivilege(ProtectionDomain.java:80)
	at java.awt.EventQueue.dispatchEvent(EventQueue.java:732)
	at com.intellij.ide.IdeEventQueue.defaultDispatchEvent(IdeEventQueue.java:719)
	at com.intellij.ide.IdeEventQueue._dispatchEvent(IdeEventQueue.java:668)
	at com.intellij.ide.IdeEventQueue.dispatchEvent(IdeEventQueue.java:363)
	at java.awt.EventDispatchThread.pumpOneEventForFilters(EventDispatchThread.java:201)
	at java.awt.EventDispatchThread.pumpEventsForFilter(EventDispatchThread.java:116)
	at java.awt.EventDispatchThread.pumpEventsForHierarchy(EventDispatchThread.java:105)
	at java.awt.EventDispatchThread.pumpEvents(EventDispatchThread.java:101)
	at java.awt.EventDispatchThread.pumpEvents(EventDispatchThread.java:93)
	at java.awt.EventDispatchThread.run(EventDispatchThread.java:82)
Caused by: java.lang.Throwable
	at com.intellij.openapi.util.objectTree.ObjectTree.executeAll(ObjectTree.java:143)
	at com.intellij.openapi.util.Disposer.dispose(Disposer.java:129)
	at com.intellij.openapi.util.Disposer.dispose(Disposer.java:125)
	at com.intellij.openapi.project.impl.ProjectManagerImpl.lambda$closeProject$15(ProjectManagerImpl.java:701)
	at com.intellij.openapi.application.impl.ApplicationImpl.runWriteAction(ApplicationImpl.java:1057)
	at com.intellij.openapi.project.impl.ProjectManagerImpl.closeProject(ProjectManagerImpl.java:695)
	at com.intellij.openapi.project.impl.ProjectManagerImpl.closeAndDispose(ProjectManagerImpl.java:719)
	at com.intellij.ide.impl.ProjectUtil.closeAndDispose(ProjectUtil.java:97)
	at com.intellij.openapi.wm.impl.IdeFrameImpl$3.windowClosing(IdeFrameImpl.java:276)
	at java.awt.AWTEventMulticaster.windowClosing(AWTEventMulticaster.java:349)
	at java.awt.AWTEventMulticaster.windowClosing(AWTEventMulticaster.java:349)
	at java.awt.AWTEventMulticaster.windowClosing(AWTEventMulticaster.java:349)
	at java.awt.Window.processWindowEvent(Window.java:2054)
	at javax.swing.JFrame.processWindowEvent(JFrame.java:305)
	at java.awt.Window.processEvent(Window.java:2013)
	at java.awt.Component.dispatchEventImpl(Component.java:4903)
	at java.awt.Container.dispatchEventImpl(Container.java:2295)
	at java.awt.Window.dispatchEventImpl(Window.java:2746)
	at java.awt.Component.dispatchEvent(Component.java:4725)
	at java.awt.EventQueue.dispatchEventImpl(EventQueue.java:764)
	at java.awt.EventQueue.access$500(EventQueue.java:98)
	at java.awt.EventQueue$3.run(EventQueue.java:715)
	at java.awt.EventQueue$3.run(EventQueue.java:709)
	at java.security.AccessController.doPrivileged(Native Method)
	at java.security.ProtectionDomain$JavaSecurityAccessImpl.doIntersectionPrivilege(ProtectionDomain.java:80)
	at java.security.ProtectionDomain$JavaSecurityAccessImpl.doIntersectionPrivilege(ProtectionDomain.java:90)
	at java.awt.EventQueue$4.run(EventQueue.java:737)
	at java.awt.EventQueue$4.run(EventQueue.java:735)
	at java.security.AccessController.doPrivileged(Native Method)
	at java.security.ProtectionDomain$JavaSecurityAccessImpl.doIntersectionPrivilege(ProtectionDomain.java:80)
	at java.awt.EventQueue.dispatchEvent(EventQueue.java:734)
	... 9 more
2019-01-30 18:59:45,155 [  80201]  ERROR - til.concurrency.QueueProcessor - IntelliJ IDEA 2018.3.4  Build #IC-183.5429.30 
2019-01-30 18:59:45,155 [  80201]  ERROR - til.concurrency.QueueProcessor - JDK: 1.8.0_152-release; VM: OpenJDK 64-Bit Server VM; Vendor: JetBrains s.r.o 
2019-01-30 18:59:45,155 [  80201]  ERROR - til.concurrency.QueueProcessor - OS: Mac OS X 
2019-01-30 18:59:46,891 [  81937]   INFO - ution.rmi.RemoteProcessSupport - Terminating: 55078/Maven3ServerImpl61569f44 
2019-01-30 18:59:47,189 [  82235]   INFO - stubs.SerializationManagerImpl - START StubSerializationManager SHUTDOWN 
2019-01-30 18:59:47,189 [  82235]   INFO - stubs.SerializationManagerImpl - END StubSerializationManager SHUTDOWN 
2019-01-30 18:59:47,189 [  82235]   INFO - il.indexing.FileBasedIndexImpl - START INDEX SHUTDOWN 
2019-01-30 18:59:47,381 [  82427]   INFO - il.indexing.FileBasedIndexImpl - END INDEX SHUTDOWN 
2019-01-30 18:59:47,384 [  82430]   INFO - org.jetbrains.io.BuiltInServer - web server stopped 
2019-01-30 18:59:47,386 [  82432]   INFO - Types.impl.FileTypeManagerImpl - FileTypeManager: 366 auto-detected files
Elapsed time on auto-detect: 202 ms 
2019-01-30 18:59:47,389 [  82435]   INFO - pl.local.NativeFileWatcherImpl - Watcher terminated with exit code 0 
2019-01-30 18:59:47,391 [  82437]   INFO - newvfs.persistent.PersistentFS - VFS dispose started 
2019-01-30 18:59:47,410 [  82456]   INFO - newvfs.persistent.PersistentFS - VFS dispose completed 
2019-01-30 18:59:47,411 [  82457]   INFO - plication.impl.ApplicationImpl - Write action Statistics:
Event number:     35
Total time spent: 1500ms
Average duration: 42ms
Median  duration: 4ms
Max     duration: 457ms (it was 'write action (class com.intellij.openapi.command.WriteCommandAction$$Lambda$1161/792580761)') 
2019-01-30 18:59:47,411 [  82457]   INFO - plication.impl.ApplicationImpl - AnAction.update() Statistics:
Event number:     1752
Total time spent: 162ms
Average duration: 0ms
Median  duration: 0ms
Max     duration: 63ms (it was 'Groovy Shell... action update (class org.jetbrains.plugins.groovy.shell.GroovyShellAction)') 
2019-01-30 18:59:47,411 [  82457]   INFO - plication.impl.ApplicationImpl - Global instance threads created counter = 9; ProcessIOExecutorService threads: 6 
2019-01-30 18:59:47,412 [  82458]  ERROR - api.util.objectTree.ObjectTree - Memory leak detected: 'null 845174482: running=false; canceled=false; task=null' of class com.intellij.openapi.progress.impl.BackgroundableProcessIndicator
See the cause for the corresponding Disposer.register() stacktrace:
 
java.lang.RuntimeException: Memory leak detected: 'null 845174482: running=false; canceled=false; task=null' of class com.intellij.openapi.progress.impl.BackgroundableProcessIndicator
See the cause for the corresponding Disposer.register() stacktrace:

	at com.intellij.openapi.util.objectTree.ObjectTree.assertIsEmpty(ObjectTree.java:235)
	at com.intellij.openapi.util.Disposer.assertIsEmpty(Disposer.java:142)
	at com.intellij.openapi.util.Disposer.assertIsEmpty(Disposer.java:138)
	at com.intellij.openapi.application.impl.ApplicationImpl.disposeSelf(ApplicationImpl.java:255)
	at com.intellij.openapi.application.impl.ApplicationImpl.doExit(ApplicationImpl.java:818)
	at com.intellij.openapi.application.impl.ApplicationImpl.exit(ApplicationImpl.java:788)
	at com.intellij.openapi.application.impl.ApplicationImpl.exit(ApplicationImpl.java:777)
	at com.intellij.openapi.application.impl.ApplicationImpl.exit(ApplicationImpl.java:773)
	at com.intellij.openapi.application.impl.ApplicationImpl.exit(ApplicationImpl.java:740)
	at com.intellij.openapi.application.impl.ApplicationImpl.exit(ApplicationImpl.java:735)
	at com.intellij.openapi.wm.impl.welcomeScreen.WelcomeFrame$3.windowClosing(WelcomeFrame.java:111)
	at java.awt.AWTEventMulticaster.windowClosing(AWTEventMulticaster.java:349)
	at java.awt.AWTEventMulticaster.windowClosing(AWTEventMulticaster.java:349)
	at java.awt.Window.processWindowEvent(Window.java:2054)
	at javax.swing.JFrame.processWindowEvent(JFrame.java:305)
	at java.awt.Window.processEvent(Window.java:2013)
	at java.awt.Component.dispatchEventImpl(Component.java:4903)
	at java.awt.Container.dispatchEventImpl(Container.java:2295)
	at java.awt.Window.dispatchEventImpl(Window.java:2746)
	at java.awt.Component.dispatchEvent(Component.java:4725)
	at java.awt.EventQueue.dispatchEventImpl(EventQueue.java:764)
	at java.awt.EventQueue.access$500(EventQueue.java:98)
	at java.awt.EventQueue$3.run(EventQueue.java:715)
	at java.awt.EventQueue$3.run(EventQueue.java:709)
	at java.security.AccessController.doPrivileged(Native Method)
	at java.security.ProtectionDomain$JavaSecurityAccessImpl.doIntersectionPrivilege(ProtectionDomain.java:80)
	at java.security.ProtectionDomain$JavaSecurityAccessImpl.doIntersectionPrivilege(ProtectionDomain.java:90)
	at java.awt.EventQueue$4.run(EventQueue.java:737)
	at java.awt.EventQueue$4.run(EventQueue.java:735)
	at java.security.AccessController.doPrivileged(Native Method)
	at java.security.ProtectionDomain$JavaSecurityAccessImpl.doIntersectionPrivilege(ProtectionDomain.java:80)
	at java.awt.EventQueue.dispatchEvent(EventQueue.java:734)
	at com.intellij.ide.IdeEventQueue.defaultDispatchEvent(IdeEventQueue.java:719)
	at com.intellij.ide.IdeEventQueue._dispatchEvent(IdeEventQueue.java:668)
	at com.intellij.ide.IdeEventQueue.dispatchEvent(IdeEventQueue.java:363)
	at java.awt.EventDispatchThread.pumpOneEventForFilters(EventDispatchThread.java:201)
	at java.awt.EventDispatchThread.pumpEventsForFilter(EventDispatchThread.java:116)
	at java.awt.EventDispatchThread.pumpEventsForHierarchy(EventDispatchThread.java:105)
	at java.awt.EventDispatchThread.pumpEvents(EventDispatchThread.java:101)
	at java.awt.EventDispatchThread.pumpEvents(EventDispatchThread.java:93)
	at java.awt.EventDispatchThread.run(EventDispatchThread.java:82)
Caused by: java.lang.Throwable
	at com.intellij.openapi.util.objectTree.ObjectNode.<init>(ObjectNode.java:56)
	at com.intellij.openapi.util.objectTree.ObjectTree.createNodeFor(ObjectTree.java:124)
	at com.intellij.openapi.util.objectTree.ObjectTree.register(ObjectTree.java:86)
	at com.intellij.openapi.util.Disposer.register(Disposer.java:97)
	at com.intellij.openapi.util.Disposer.register(Disposer.java:93)
	at com.intellij.openapi.progress.util.ProgressWindow.<init>(ProgressWindow.java:104)
	at com.intellij.openapi.progress.util.ProgressWindow.<init>(ProgressWindow.java:84)
	at com.intellij.openapi.progress.impl.BackgroundableProcessIndicator.<init>(BackgroundableProcessIndicator.java:57)
	at com.intellij.openapi.progress.impl.BackgroundableProcessIndicator.<init>(BackgroundableProcessIndicator.java:42)
	at com.intellij.openapi.progress.BackgroundTaskQueue$BackgroundableTaskData.consume(BackgroundTaskQueue.java:139)
	at com.intellij.openapi.progress.BackgroundTaskQueue$BackgroundableTaskData.consume(BackgroundTaskQueue.java:116)
	at com.intellij.util.concurrency.QueueProcessor.lambda$null$3(QueueProcessor.java:212)
	at com.intellij.util.concurrency.QueueProcessor.runSafely(QueueProcessor.java:232)
	at com.intellij.util.concurrency.QueueProcessor.lambda$startProcessing$4(QueueProcessor.java:212)
	at com.intellij.openapi.application.TransactionGuardImpl$2.run(TransactionGuardImpl.java:315)
	at com.intellij.openapi.application.impl.LaterInvocator$FlushQueue.doRun(LaterInvocator.java:435)
	at com.intellij.openapi.application.impl.LaterInvocator$FlushQueue.runNextEvent(LaterInvocator.java:419)
	at com.intellij.openapi.application.impl.LaterInvocator$FlushQueue.run(LaterInvocator.java:403)
	at java.awt.event.InvocationEvent.dispatch(InvocationEvent.java:311)
	at java.awt.EventQueue.dispatchEventImpl(EventQueue.java:762)
	at java.awt.EventQueue.access$500(EventQueue.java:98)
	at java.awt.EventQueue$3.run(EventQueue.java:715)
	at java.awt.EventQueue$3.run(EventQueue.java:709)
	at java.security.AccessController.doPrivileged(Native Method)
	at java.security.ProtectionDomain$JavaSecurityAccessImpl.doIntersectionPrivilege(ProtectionDomain.java:80)
	at java.awt.EventQueue.dispatchEvent(EventQueue.java:732)
	... 9 more
2019-01-30 18:59:47,412 [  82458]  ERROR - api.util.objectTree.ObjectTree - IntelliJ IDEA 2018.3.4  Build #IC-183.5429.30 
2019-01-30 18:59:47,412 [  82458]  ERROR - api.util.objectTree.ObjectTree - JDK: 1.8.0_152-release; VM: OpenJDK 64-Bit Server VM; Vendor: JetBrains s.r.o 
2019-01-30 18:59:47,412 [  82458]  ERROR - api.util.objectTree.ObjectTree - OS: Mac OS X 
2019-01-30 18:59:47,415 [  82461]   INFO -        #com.intellij.idea.Main - ------------------------------------------------------ IDE SHUTDOWN ------------------------------------------------------ 
2019-01-30 18:59:47,417 [  82463]   INFO - org.jetbrains.io.BuiltInServer - web server stopped 
